<?xml version="1.0" encoding="UTF-8"?>
<!-- Generated by org.testng.reporters.JUnitReportReporter -->
<testsuite hostname="SunilNad_Laptop" failures="0" tests="2" name="Serialization_GoogleMaps.AddPlace_Serialize" time="9.281" errors="0" timestamp="2021-06-02T16:26:58 IST" skipped="0">
  <testcase classname="Serialization_GoogleMaps.AddPlace_Serialize" name="getPlace" time="3.534"/>
  <system-out/>
  <testcase classname="Serialization_GoogleMaps.AddPlace_Serialize" name="addPlace" time="5.747"/>
  <system-out/>
</testsuite> <!-- Serialization_GoogleMaps.AddPlace_Serialize -->
