<?xml version="1.0" encoding="UTF-8"?>
<!-- Generated by org.testng.reporters.JUnitReportReporter -->
<testsuite hostname="SunilNad_Laptop" failures="0" tests="1" name="google.maps.ParseComplexJson" time="3.007" errors="0" timestamp="2021-06-02T14:12:25 IST" skipped="0">
  <testcase classname="google.maps.ParseComplexJson" name="test1" time="3.007"/>
  <system-out/>
</testsuite> <!-- google.maps.ParseComplexJson -->
