<?xml version="1.0" encoding="UTF-8"?>
<!-- Generated by org.testng.reporters.JUnitReportReporter -->
<testsuite hostname="SunilNad_Laptop" name="google.maps.AddPlace_Google" tests="1" failures="0" timestamp="14 Jan 2021 05:02:53 GMT" time="3.762" errors="0">
  <testcase name="addPlace" time="3.762" classname="google.maps.AddPlace_Google"/>
</testsuite> <!-- google.maps.AddPlace_Google -->
