<?xml version="1.0" encoding="UTF-8"?>
<!-- Generated by org.testng.reporters.JUnitReportReporter -->
<testsuite hostname="SunilNad_Laptop" name="libraryAPI.AddBook" tests="4" failures="0" timestamp="29 Dec 2020 13:51:52 GMT" time="4.337" errors="0">
  <testcase name="addBookUsingDP" time="0.169" classname="libraryAPI.AddBook"/>
  <testcase name="addBookUsingDP" time="0.179" classname="libraryAPI.AddBook"/>
  <testcase name="getBook" time="1.757" classname="libraryAPI.AddBook"/>
  <testcase name="addBookUsingDP" time="2.232" classname="libraryAPI.AddBook"/>
</testsuite> <!-- libraryAPI.AddBook -->
