<?xml version="1.0" encoding="UTF-8"?>
<!-- Generated by org.testng.reporters.JUnitReportReporter -->
<testsuite hostname="SunilNad_Laptop" failures="0" tests="1" name="google.maps.AddPlace_Google" time="6.724" errors="0" timestamp="2021-06-02T14:54:30 IST" skipped="0">
  <testcase classname="google.maps.AddPlace_Google" name="addPlace" time="6.724"/>
  <system-out/>
</testsuite> <!-- google.maps.AddPlace_Google -->
