<?xml version="1.0" encoding="UTF-8"?>
<!-- Generated by org.testng.reporters.JUnitReportReporter -->
<testsuite hostname="SunilNad_Lenevo330" failures="0" tests="2" name="Serialization_GoogleMaps.AddPlace_Serialize" time="5.296" errors="0" timestamp="2021-06-16T19:13:50 IST" skipped="0">
  <testcase classname="Serialization_GoogleMaps.AddPlace_Serialize" name="addPlace" time="3.209"/>
  <system-out/>
  <testcase classname="Serialization_GoogleMaps.AddPlace_Serialize" name="getPlace" time="2.087"/>
  <system-out/>
</testsuite> <!-- Serialization_GoogleMaps.AddPlace_Serialize -->
