<?xml version="1.0" encoding="UTF-8"?>
<!-- Generated by org.testng.reporters.JUnitReportReporter -->
<testsuite hostname="SunilNad_Laptop" name="com.JsonParsing.Demo2" tests="1" failures="0" timestamp="7 Oct 2020 06:45:26 GMT" time="1.425" errors="0">
  <testcase name="parseJson" time="1.425" classname="com.JsonParsing.Demo2"/>
</testsuite> <!-- com.JsonParsing.Demo2 -->
