<?xml version="1.0" encoding="UTF-8"?>
<!-- Generated by org.testng.reporters.JUnitReportReporter -->
<testsuite hostname="SunilNad_Laptop" name="com.JsonParsing.Demo1" tests="1" failures="0" timestamp="6 Oct 2020 17:30:38 GMT" time="1.053" errors="0">
  <testcase name="parseJson" time="1.053" classname="com.JsonParsing.Demo1"/>
</testsuite> <!-- com.JsonParsing.Demo1 -->
