<?xml version="1.0" encoding="UTF-8"?>
<!-- Generated by org.testng.reporters.JUnitReportReporter -->
<testsuite hostname="SunilNad_Laptop" name="google.maps.ParseJSONFile" tests="1" failures="0" timestamp="5 Oct 2020 12:20:42 GMT" time="0.827" errors="0">
  <testcase name="parseJSon" time="0.827" classname="google.maps.ParseJSONFile"/>
</testsuite> <!-- google.maps.ParseJSONFile -->
