<?xml version="1.0" encoding="UTF-8"?>
<!-- Generated by org.testng.reporters.JUnitReportReporter -->
<testsuite hostname="SunilNad_Laptop" failures="0" tests="2" name="google.maps.AddPlace_google1" time="7.181" errors="0" timestamp="2021-06-02T11:56:00 IST" skipped="0">
  <testcase classname="google.maps.AddPlace_google1" name="getPlace" time="2.036"/>
  <system-out/>
  <testcase classname="google.maps.AddPlace_google1" name="addPlace" time="5.145"/>
  <system-out/>
</testsuite> <!-- google.maps.AddPlace_google1 -->
